<?xml version="1.0" encoding="UTF-8"?>
<!-- Generated by org.testng.reporters.JUnitXMLReporter -->
<testsuite ignored="0" hostname="DESKTOP-UAETRNU" failures="0" tests="3" name="Default test" time="5.932" errors="0" timestamp="2024-05-05T12:10:18 IST">
  <testcase classname="com.hha.testcases.LoginPageTest" name="verifyTitle" time="0.044"/>
  <testcase classname="com.hha.testcases.LoginPageTest" name="verifyURLOfApplicationTest" time="0.016"/>
  <testcase classname="com.hha.testcases.LoginPageTest" name="verifylogin" time="0.349"/>
</testsuite> <!-- Default test -->
