<?xml version="1.0" encoding="UTF-8"?>
<!-- Generated by org.testng.reporters.JUnitXMLReporter -->
<testsuite ignored="0" hostname="DESKTOP-UAETRNU" failures="2" tests="3" name="Test" time="4.196" errors="0" timestamp="2024-04-27T17:40:54 IST">
  <testcase classname="com.hha.testcases.LoginPageTest" name="verifyTitle" time="0.009">
    <failure type="java.lang.NullPointerException" message="Cannot invoke &amp;quot;com.hha.pageobject.LoginPage.verifyTitleOfApplication()&amp;quot; because &amp;quot;this.loginpage&amp;quot; is null">
      <![CDATA[java.lang.NullPointerException: Cannot invoke "com.hha.pageobject.LoginPage.verifyTitleOfApplication()" because "this.loginpage" is null
at com.hha.testcases.LoginPageTest.verifyTitle(LoginPageTest.java:15)
at java.base/java.util.ArrayList.forEach(ArrayList.java:1596)
... Removed 25 stack frames]]>
    </failure>
  </testcase> <!-- verifyTitle -->
  <testcase classname="com.hha.testcases.LoginPageTest" name="verifyURLOfApplicationTest" time="0.002">
    <failure type="java.lang.NullPointerException" message="Cannot invoke &amp;quot;com.hha.pageobject.LoginPage.verifyURLOfApplication()&amp;quot; because &amp;quot;this.loginpage&amp;quot; is null">
      <![CDATA[java.lang.NullPointerException: Cannot invoke "com.hha.pageobject.LoginPage.verifyURLOfApplication()" because "this.loginpage" is null
at com.hha.testcases.LoginPageTest.verifyURLOfApplicationTest(LoginPageTest.java:23)
at java.base/java.util.ArrayList.forEach(ArrayList.java:1596)
... Removed 25 stack frames]]>
    </failure>
  </testcase> <!-- verifyURLOfApplicationTest -->
  <testcase classname="com.hha.testcases.LoginPageTest" name="verifylogin" time="0.32"/>
</testsuite> <!-- Test -->
