<?xml version="1.0" encoding="UTF-8"?>
<testng-results ignored="0" total="3" passed="3" failed="0" skipped="0">
  <reporter-output>
  </reporter-output>
  <suite started-at="2024-05-05T12:10:12 IST" name="Default suite" finished-at="2024-05-05T12:10:18 IST" duration-ms="5932">
    <groups>
    </groups>
    <test started-at="2024-05-05T12:10:12 IST" name="Default test" finished-at="2024-05-05T12:10:18 IST" duration-ms="5932">
      <class name="com.hha.testcases.LoginPageTest">
        <test-method is-config="true" signature="setUp()[pri:0, instance:com.hha.testcases.LoginPageTest@3bf7ca37]" started-at="2024-05-05T12:10:12 IST" name="setUp" finished-at="2024-05-05T12:10:17 IST" duration-ms="5191" status="PASS">
          <reporter-output>
          </reporter-output>
        </test-method> <!-- setUp -->
        <test-method signature="verifyTitle()[pri:0, instance:com.hha.testcases.LoginPageTest@3bf7ca37]" started-at="2024-05-05T12:10:17 IST" name="verifyTitle" finished-at="2024-05-05T12:10:17 IST" duration-ms="44" status="PASS">
          <reporter-output>
          </reporter-output>
        </test-method> <!-- verifyTitle -->
        <test-method signature="verifyURLOfApplicationTest()[pri:0, instance:com.hha.testcases.LoginPageTest@3bf7ca37]" started-at="2024-05-05T12:10:17 IST" name="verifyURLOfApplicationTest" finished-at="2024-05-05T12:10:17 IST" duration-ms="16" status="PASS">
          <reporter-output>
          </reporter-output>
        </test-method> <!-- verifyURLOfApplicationTest -->
        <test-method signature="verifylogin()[pri:0, instance:com.hha.testcases.LoginPageTest@3bf7ca37]" started-at="2024-05-05T12:10:17 IST" name="verifylogin" finished-at="2024-05-05T12:10:17 IST" duration-ms="349" status="PASS">
          <reporter-output>
          </reporter-output>
        </test-method> <!-- verifylogin -->
        <test-method is-config="true" signature="tearDown()[pri:0, instance:com.hha.testcases.LoginPageTest@3bf7ca37]" started-at="2024-05-05T12:10:17 IST" name="tearDown" finished-at="2024-05-05T12:10:18 IST" duration-ms="269" status="PASS">
          <reporter-output>
          </reporter-output>
        </test-method> <!-- tearDown -->
      </class> <!-- com.hha.testcases.LoginPageTest -->
    </test> <!-- Default test -->
  </suite> <!-- Default suite -->
</testng-results>
